Sun Sep 11 2022 [INFO]: Hey there! This is an info message!
Sun Sep 11 2022 [ERROR]: Damn, something happened!
Sun Sep 11 2022 [INFO]: Hey there! This is an info message!
Sun Sep 11 2022 [ERROR]: Damn, something happened!
Sun Sep 11 2022 [Warning]: Oops! something happened!
Sun Sep 11 2022 [INFO]: Hey there! This is an info message!
Sun Sep 11 2022 [ERROR]: Damn, something happened!
Sun Sep 11 2022 [Warning]: Oops! something happened!
4:31:13 PM [INFO]: Hey there! This is an info message!
Sun Sep 11 2022 [ERROR]: Damn, something happened!
Sun Sep 11 2022 [Warning]: Oops! something happened!
9/11/2022 [INFO]: Hey there! This is an info message!
Sun Sep 11 2022 [Warning]: Oops! something happened!
Sun Sep 11 2022 [ERROR]: Damn, something happened!
9/11/2022 [INFO]: Hey there! This is an info message!
21:47:09 GMT+0430 (Iran Daylight Time) [Warning]: Oops! something happened!
Sun Sep 11 2022 [ERROR]: Damn, something happened!
9/11/2022 9:47:52 PM [INFO]: Hey there! This is an info message!
21:47:52 GMT+0430 (Iran Daylight Time) [Warning]: Oops! something happened!
Sun Sep 11 2022 [ERROR]: Damn, something happened!
9/11/2022 9:48:22 PM [INFO]: Hey there! This is an info message!
9/11/2022 9:48:22 PM [ERROR]: Damn, something happened!
9/11/2022 9:48:22 PM [Warning]: Oops! something happened!
9/11/2022 9:48:23 PM [INFO]: Hey there! This is an info message!
9/11/2022 9:48:23 PM [Warning]: Oops! something happened!
9/11/2022 9:48:23 PM [ERROR]: Damn, something happened!
9/11/2022 9:48:23 PM [INFO]: Hey there! This is an info message!
9/11/2022 9:48:23 PM [Warning]: Oops! something happened!
9/11/2022 9:48:23 PM [ERROR]: Damn, something happened!
9/11/2022 10:42:12 PM [INFO]: Hey there! This is an info message!
9/11/2022 10:42:12 PM [ERROR]: Damn, something happened!
9/11/2022 10:42:12 PM [Warning]: Oops! something happened!
9/11/2022 10:43:42 PM [INFO]: Hey there! This is an info message!
9/11/2022 10:43:42 PM [Warning]: Oops! something happened!
9/11/2022 10:43:42 PM [ERROR]: Damn, something happened!
9/11/2022, 10:51:06 PM 10:51:06 PM [INFO]: Hey there! This is an info message!
9/11/2022 10:51:06 PM [Warning]: Oops! something happened!
9/11/2022 10:51:06 PM [ERROR]: Damn, something happened!
Sun, 11 Sep 2022 18:21:52 GMT [INFO]: Hey there! This is an info message!
9/11/2022 10:51:52 PM [ERROR]: Damn, something happened!
9/11/2022 10:51:52 PM [Warning]: Oops! something happened!
Sun Sep 11 2022 22:52:41 GMT+0430 (Iran Daylight Time) [INFO]: Hey there! This is an info message!
9/11/2022 10:52:41 PM [Warning]: Oops! something happened!
9/11/2022 10:52:41 PM [ERROR]: Damn, something happened!
2022-09-11T18:23:14.180Z [INFO]: Hey there! This is an info message!
9/11/2022 10:53:14 PM [ERROR]: Damn, something happened!
9/11/2022 10:53:14 PM [Warning]: Oops! something happened!
9/11/2022, 10:53:53 PM [INFO]: Hey there! This is an info message!
9/11/2022, 10:53:53 PM [Warning]: Oops! something happened!
9/11/2022, 10:53:53 PM [ERROR]: Damn, something happened!
